[debug] [2021-08-17T19:20:40.076Z] ----------------------------------------------------------------------
[debug] [2021-08-17T19:20:40.078Z] Command:       /usr/local/bin/firebase /Users/satoriasumpter/.cache/firebase/tools/lib/node_modules/firebase-tools/lib/bin/firebase serve --project=test
[debug] [2021-08-17T19:20:40.078Z] CLI Version:   9.16.5
[debug] [2021-08-17T19:20:40.078Z] Platform:      darwin
[debug] [2021-08-17T19:20:40.078Z] Node Version:  v12.18.1
[debug] [2021-08-17T19:20:40.082Z] Time:          Tue Aug 17 2021 14:20:40 GMT-0500 (Central Daylight Time)
[debug] [2021-08-17T19:20:40.082Z] ----------------------------------------------------------------------
[debug] 
[debug] [2021-08-17T19:20:40.128Z] > command requires scopes: ["email","openid","https://www.googleapis.com/auth/cloudplatformprojects.readonly","https://www.googleapis.com/auth/firebase","https://www.googleapis.com/auth/cloud-platform"]
[debug] [2021-08-17T19:20:40.128Z] > authorizing via signed-in user (techgirltori@gmail.com)
[debug] [2021-08-17T19:20:40.128Z] [iam] checking project heygiveaway-test for permissions ["firebase.projects.get"]
[debug] [2021-08-17T19:20:40.130Z] > refreshing access token with scopes: ["email","https://www.googleapis.com/auth/cloud-platform","https://www.googleapis.com/auth/cloudplatformprojects.readonly","https://www.googleapis.com/auth/firebase","openid"]
[debug] [2021-08-17T19:20:40.130Z] >>> HTTP REQUEST POST https://www.googleapis.com/oauth2/v3/token  
 <request body omitted>
[debug] [2021-08-17T19:20:40.330Z] <<< HTTP RESPONSE 200 {"date":"Tue, 17 Aug 2021 19:20:40 GMT","expires":"Mon, 01 Jan 1990 00:00:00 GMT","cache-control":"no-cache, no-store, max-age=0, must-revalidate","pragma":"no-cache","content-type":"application/json; charset=utf-8","vary":"X-Origin, Referer, Origin,Accept-Encoding","server":"scaffolding on HTTPServer2","x-xss-protection":"0","x-frame-options":"SAMEORIGIN","x-content-type-options":"nosniff","alt-svc":"h3=\":443\"; ma=2592000,h3-29=\":443\"; ma=2592000,h3-T051=\":443\"; ma=2592000,h3-Q050=\":443\"; ma=2592000,h3-Q046=\":443\"; ma=2592000,h3-Q043=\":443\"; ma=2592000,quic=\":443\"; ma=2592000; v=\"46,43\"","accept-ranges":"none","transfer-encoding":"chunked"}
[debug] [2021-08-17T19:20:40.378Z] >>> HTTP REQUEST POST https://cloudresourcemanager.googleapis.com/v1/projects/heygiveaway-test:testIamPermissions  
 {"permissions":["firebase.projects.get"]}
[debug] [2021-08-17T19:20:40.543Z] <<< HTTP RESPONSE 200 {"content-type":"application/json; charset=UTF-8","vary":"X-Origin, Referer, Origin,Accept-Encoding","date":"Tue, 17 Aug 2021 19:20:40 GMT","server":"ESF","cache-control":"private","x-xss-protection":"0","x-frame-options":"SAMEORIGIN","x-content-type-options":"nosniff","server-timing":"gfet4t7; dur=44","alt-svc":"h3=\":443\"; ma=2592000,h3-29=\":443\"; ma=2592000,h3-T051=\":443\"; ma=2592000,h3-Q050=\":443\"; ma=2592000,h3-Q046=\":443\"; ma=2592000,h3-Q043=\":443\"; ma=2592000,quic=\":443\"; ma=2592000; v=\"46,43\"","accept-ranges":"none","transfer-encoding":"chunked"}
[debug] [2021-08-17T19:20:40.550Z] > refreshing access token with scopes: []
[debug] [2021-08-17T19:20:40.551Z] >>> HTTP REQUEST POST https://www.googleapis.com/oauth2/v3/token  
 <request body omitted>
[debug] [2021-08-17T19:20:40.719Z] <<< HTTP RESPONSE 200 {"date":"Tue, 17 Aug 2021 19:20:40 GMT","cache-control":"no-cache, no-store, max-age=0, must-revalidate","pragma":"no-cache","expires":"Mon, 01 Jan 1990 00:00:00 GMT","content-type":"application/json; charset=utf-8","vary":"X-Origin, Referer, Origin,Accept-Encoding","server":"scaffolding on HTTPServer2","x-xss-protection":"0","x-frame-options":"SAMEORIGIN","x-content-type-options":"nosniff","alt-svc":"h3=\":443\"; ma=2592000,h3-29=\":443\"; ma=2592000,h3-T051=\":443\"; ma=2592000,h3-Q050=\":443\"; ma=2592000,h3-Q046=\":443\"; ma=2592000,h3-Q043=\":443\"; ma=2592000,quic=\":443\"; ma=2592000; v=\"46,43\"","accept-ranges":"none","transfer-encoding":"chunked"}
[debug] [2021-08-17T19:20:40.771Z] >>> [apiv2][query] GET https://firebase.googleapis.com/v1beta1/projects/heygiveaway-test [none]
[debug] [2021-08-17T19:20:40.974Z] <<< [apiv2][status] GET https://firebase.googleapis.com/v1beta1/projects/heygiveaway-test 200
[debug] [2021-08-17T19:20:40.975Z] <<< [apiv2][body] GET https://firebase.googleapis.com/v1beta1/projects/heygiveaway-test {"projectId":"heygiveaway-test","projectNumber":"264741361371","displayName":"heygiveaway-test","name":"projects/heygiveaway-test","resources":{"hostingSite":"heygiveaway-test","storageBucket":"heygiveaway-test.appspot.com","locationId":"us-central"},"state":"ACTIVE"}
[info] 
[info] === Serving from '/Users/satoriasumpter/Documents/heygiveaway'...
[info] 
[debug] [2021-08-17T19:20:40.983Z] >>> [apiv2][query] GET https://firebasehosting.googleapis.com/v1beta1/projects/heygiveaway-test/sites 
[warn] ⚠  Your requested "node" version "10" doesn't match your global version "12" {"metadata":{"emulator":{"name":"functions"},"message":"Your requested \"node\" version \"10\" doesn't match your global version \"12\""}}
[debug] [2021-08-17T19:20:41.012Z] defaultcredentials: writing to file /Users/satoriasumpter/.config/firebase/techgirltori_gmail_com_application_default_credentials.json
[debug] [2021-08-17T19:20:41.014Z] Setting GAC to /Users/satoriasumpter/.config/firebase/techgirltori_gmail_com_application_default_credentials.json {"metadata":{"emulator":{"name":"functions"},"message":"Setting GAC to /Users/satoriasumpter/.config/firebase/techgirltori_gmail_com_application_default_credentials.json"}}
[debug] [2021-08-17T19:20:41.015Z] >>> [apiv2][query] GET https://firebase.googleapis.com/v1beta1/projects/heygiveaway-test/adminSdkConfig [none]
[debug] [2021-08-17T19:20:41.243Z] <<< [apiv2][status] GET https://firebase.googleapis.com/v1beta1/projects/heygiveaway-test/adminSdkConfig 200
[debug] [2021-08-17T19:20:41.243Z] <<< [apiv2][body] GET https://firebase.googleapis.com/v1beta1/projects/heygiveaway-test/adminSdkConfig {"projectId":"heygiveaway-test","storageBucket":"heygiveaway-test.appspot.com","locationId":"us-central"}
[debug] [2021-08-17T19:20:41.283Z] <<< [apiv2][status] GET https://firebasehosting.googleapis.com/v1beta1/projects/heygiveaway-test/sites 200
[debug] [2021-08-17T19:20:41.284Z] <<< [apiv2][body] GET https://firebasehosting.googleapis.com/v1beta1/projects/heygiveaway-test/sites {"sites":[{"name":"projects/264741361371/sites/heygiveaway-test","defaultUrl":"https://heygiveaway-test.web.app","appId":"1:264741361371:web:cd94da54ad1865fc401efe","type":"DEFAULT_SITE"}]}
[debug] [2021-08-17T19:20:41.285Z] >>> [apiv2][query] GET https://firebase.googleapis.com/v1beta1/projects/heygiveaway-test/webApps/1:264741361371:web:cd94da54ad1865fc401efe/config [none]
[debug] [2021-08-17T19:20:41.771Z] <<< [apiv2][status] GET https://firebase.googleapis.com/v1beta1/projects/heygiveaway-test/webApps/1:264741361371:web:cd94da54ad1865fc401efe/config 200
[debug] [2021-08-17T19:20:41.771Z] <<< [apiv2][body] GET https://firebase.googleapis.com/v1beta1/projects/heygiveaway-test/webApps/1:264741361371:web:cd94da54ad1865fc401efe/config {"projectId":"heygiveaway-test","appId":"1:264741361371:web:cd94da54ad1865fc401efe","storageBucket":"heygiveaway-test.appspot.com","locationId":"us-central","apiKey":"AIzaSyCBF9_AjDC4e9ENnOuoDQCIsJjrav9gFC0","authDomain":"heygiveaway-test.firebaseapp.com","messagingSenderId":"264741361371"}
[info] i  functions: Watching "/Users/satoriasumpter/Documents/heygiveaway/functions" for Cloud Functions... {"metadata":{"emulator":{"name":"functions"},"message":"Watching \"/Users/satoriasumpter/Documents/heygiveaway/functions\" for Cloud Functions..."}}
[debug] [2021-08-17T19:20:41.847Z] [worker-pool] addWorker(~diagnostic~) {"metadata":{"emulator":{"name":"functions"},"message":"[worker-pool] addWorker(~diagnostic~)"}}
[debug] [2021-08-17T19:20:41.848Z] [worker-pool] Adding worker with key ~diagnostic~, total=1 {"metadata":{"emulator":{"name":"functions"},"message":"[worker-pool] Adding worker with key ~diagnostic~, total=1"}}
[debug] [2021-08-17T19:20:41.848Z] [worker-pool] submitWork(triggerId=) {"metadata":{"emulator":{"name":"functions"},"message":"[worker-pool] submitWork(triggerId=)"}}
[debug] [2021-08-17T19:20:41.848Z] [worker-~diagnostic~-896c6cad-e5f3-4950-887b-d51dd977503b]: Assigning socketPath: /var/folders/hp/6y0mhfpn6ks2htsk6mptd1dc0000gn/T/fire_emu_30044.sock {"metadata":{"emulator":{"name":"functions"},"message":"[worker-~diagnostic~-896c6cad-e5f3-4950-887b-d51dd977503b]: Assigning socketPath: /var/folders/hp/6y0mhfpn6ks2htsk6mptd1dc0000gn/T/fire_emu_30044.sock"}}
[debug] [2021-08-17T19:20:41.848Z] [worker-~diagnostic~-896c6cad-e5f3-4950-887b-d51dd977503b]: BUSY {"metadata":{"emulator":{"name":"functions"},"message":"[worker-~diagnostic~-896c6cad-e5f3-4950-887b-d51dd977503b]: BUSY"}}
[info] i  hosting: Serving hosting files from: dist {"metadata":{"emulator":{"name":"hosting"},"message":"Serving hosting files from: \u001b[1mdist\u001b[22m"}}
[info] ✔  hosting: Local server: http://localhost:5000 {"metadata":{"emulator":{"name":"hosting"},"message":"Local server: \u001b[4m\u001b[1mhttp://localhost:5000\u001b[22m\u001b[24m"}}
[debug] [2021-08-17T19:20:42.098Z] [runtime-status] [30044] Functions runtime initialized. {"cwd":"/Users/satoriasumpter/Documents/heygiveaway/functions","node_version":"12.18.1"} {"metadata":{"emulator":{"name":"functions"},"message":"[runtime-status] [30044] Functions runtime initialized. {\"cwd\":\"/Users/satoriasumpter/Documents/heygiveaway/functions\",\"node_version\":\"12.18.1\"}"}}
[debug] [2021-08-17T19:20:42.098Z] [runtime-status] [30044] Disabled runtime features: undefined {"metadata":{"emulator":{"name":"functions"},"message":"[runtime-status] [30044] Disabled runtime features: undefined"}}
[debug] [2021-08-17T19:20:42.100Z] [runtime-status] [30044] Resolved module firebase-admin {"declared":true,"installed":true,"version":"9.4.1","resolution":"/Users/satoriasumpter/Documents/heygiveaway/functions/node_modules/firebase-admin/lib/index.js"} {"metadata":{"emulator":{"name":"functions"},"message":"[runtime-status] [30044] Resolved module firebase-admin {\"declared\":true,\"installed\":true,\"version\":\"9.4.1\",\"resolution\":\"/Users/satoriasumpter/Documents/heygiveaway/functions/node_modules/firebase-admin/lib/index.js\"}"}}
[debug] [2021-08-17T19:20:42.101Z] [runtime-status] [30044] Resolved module firebase-functions {"declared":true,"installed":true,"version":"3.11.0","resolution":"/Users/satoriasumpter/Documents/heygiveaway/functions/node_modules/firebase-functions/lib/index.js"} {"metadata":{"emulator":{"name":"functions"},"message":"[runtime-status] [30044] Resolved module firebase-functions {\"declared\":true,\"installed\":true,\"version\":\"3.11.0\",\"resolution\":\"/Users/satoriasumpter/Documents/heygiveaway/functions/node_modules/firebase-functions/lib/index.js\"}"}}
[debug] [2021-08-17T19:20:42.101Z] [runtime-status] [30044] Resolved module firebase-functions {"declared":true,"installed":true,"version":"3.11.0","resolution":"/Users/satoriasumpter/Documents/heygiveaway/functions/node_modules/firebase-functions/lib/index.js"} {"metadata":{"emulator":{"name":"functions"},"message":"[runtime-status] [30044] Resolved module firebase-functions {\"declared\":true,\"installed\":true,\"version\":\"3.11.0\",\"resolution\":\"/Users/satoriasumpter/Documents/heygiveaway/functions/node_modules/firebase-functions/lib/index.js\"}"}}
[debug] [2021-08-17T19:20:42.102Z] [runtime-status] [30044] Outgoing network have been stubbed. [{"name":"http","status":"mocked"},{"name":"http","status":"mocked"},{"name":"https","status":"mocked"},{"name":"https","status":"mocked"},{"name":"net","status":"mocked"}] {"metadata":{"emulator":{"name":"functions"},"message":"[runtime-status] [30044] Outgoing network have been stubbed. [{\"name\":\"http\",\"status\":\"mocked\"},{\"name\":\"http\",\"status\":\"mocked\"},{\"name\":\"https\",\"status\":\"mocked\"},{\"name\":\"https\",\"status\":\"mocked\"},{\"name\":\"net\",\"status\":\"mocked\"}]"}}
[debug] [2021-08-17T19:20:42.102Z] [runtime-status] [30044] Resolved module firebase-functions {"declared":true,"installed":true,"version":"3.11.0","resolution":"/Users/satoriasumpter/Documents/heygiveaway/functions/node_modules/firebase-functions/lib/index.js"} {"metadata":{"emulator":{"name":"functions"},"message":"[runtime-status] [30044] Resolved module firebase-functions {\"declared\":true,\"installed\":true,\"version\":\"3.11.0\",\"resolution\":\"/Users/satoriasumpter/Documents/heygiveaway/functions/node_modules/firebase-functions/lib/index.js\"}"}}
[debug] [2021-08-17T19:20:42.129Z] [runtime-status] [30044] Checked functions.config() {"config":{}} {"metadata":{"emulator":{"name":"functions"},"message":"[runtime-status] [30044] Checked functions.config() {\"config\":{}}"}}
[debug] [2021-08-17T19:20:42.130Z] [runtime-status] [30044] firebase-functions has been stubbed. {"functionsResolution":{"declared":true,"installed":true,"version":"3.11.0","resolution":"/Users/satoriasumpter/Documents/heygiveaway/functions/node_modules/firebase-functions/lib/index.js"}} {"metadata":{"emulator":{"name":"functions"},"message":"[runtime-status] [30044] firebase-functions has been stubbed. {\"functionsResolution\":{\"declared\":true,\"installed\":true,\"version\":\"3.11.0\",\"resolution\":\"/Users/satoriasumpter/Documents/heygiveaway/functions/node_modules/firebase-functions/lib/index.js\"}}"}}
[debug] [2021-08-17T19:20:42.130Z] [runtime-status] [30044] Resolved module firebase-functions {"declared":true,"installed":true,"version":"3.11.0","resolution":"/Users/satoriasumpter/Documents/heygiveaway/functions/node_modules/firebase-functions/lib/index.js"} {"metadata":{"emulator":{"name":"functions"},"message":"[runtime-status] [30044] Resolved module firebase-functions {\"declared\":true,\"installed\":true,\"version\":\"3.11.0\",\"resolution\":\"/Users/satoriasumpter/Documents/heygiveaway/functions/node_modules/firebase-functions/lib/index.js\"}"}}
[debug] [2021-08-17T19:20:42.130Z] [runtime-status] [30044] Resolved module firebase-admin {"declared":true,"installed":true,"version":"9.4.1","resolution":"/Users/satoriasumpter/Documents/heygiveaway/functions/node_modules/firebase-admin/lib/index.js"} {"metadata":{"emulator":{"name":"functions"},"message":"[runtime-status] [30044] Resolved module firebase-admin {\"declared\":true,\"installed\":true,\"version\":\"9.4.1\",\"resolution\":\"/Users/satoriasumpter/Documents/heygiveaway/functions/node_modules/firebase-admin/lib/index.js\"}"}}
[debug] [2021-08-17T19:20:42.130Z] [runtime-status] [30044] Resolved module firebase-functions {"declared":true,"installed":true,"version":"3.11.0","resolution":"/Users/satoriasumpter/Documents/heygiveaway/functions/node_modules/firebase-functions/lib/index.js"} {"metadata":{"emulator":{"name":"functions"},"message":"[runtime-status] [30044] Resolved module firebase-functions {\"declared\":true,\"installed\":true,\"version\":\"3.11.0\",\"resolution\":\"/Users/satoriasumpter/Documents/heygiveaway/functions/node_modules/firebase-functions/lib/index.js\"}"}}
[debug] [2021-08-17T19:20:42.131Z] [runtime-status] [30044] firebase-admin has been stubbed. {"adminResolution":{"declared":true,"installed":true,"version":"9.4.1","resolution":"/Users/satoriasumpter/Documents/heygiveaway/functions/node_modules/firebase-admin/lib/index.js"}} {"metadata":{"emulator":{"name":"functions"},"message":"[runtime-status] [30044] firebase-admin has been stubbed. {\"adminResolution\":{\"declared\":true,\"installed\":true,\"version\":\"9.4.1\",\"resolution\":\"/Users/satoriasumpter/Documents/heygiveaway/functions/node_modules/firebase-admin/lib/index.js\"}}"}}
[debug] [2021-08-17T19:20:42.131Z] [runtime-status] [30044] initializeApp(DEFAULT) {"storageBucket":"heygiveaway-test.appspot.com","projectId":"heygiveaway-test"} {"metadata":{"emulator":{"name":"functions"},"message":"[runtime-status] [30044] initializeApp(DEFAULT) {\"storageBucket\":\"heygiveaway-test.appspot.com\",\"projectId\":\"heygiveaway-test\"}"}}
[warn] ⚠  functions: The Cloud Firestore emulator is not running, so calls to Firestore will affect production. {"metadata":{"emulator":{"name":"functions"},"message":"The Cloud Firestore emulator is not running, so calls to Firestore will affect production."}}
[info] ✔  functions[us-central1-createSharedWheel2]: http function initialized (http://localhost:5001/heygiveaway-test/us-central1/createSharedWheel2). {"metadata":{"emulator":{"name":"functions"},"message":"\u001b[1mhttp\u001b[22m function initialized (http://localhost:5001/heygiveaway-test/us-central1/createSharedWheel2)."}}
[info] ✔  functions[us-central1-getSharedWheel2]: http function initialized (http://localhost:5001/heygiveaway-test/us-central1/getSharedWheel2). {"metadata":{"emulator":{"name":"functions"},"message":"\u001b[1mhttp\u001b[22m function initialized (http://localhost:5001/heygiveaway-test/us-central1/getSharedWheel2)."}}
[info] ✔  functions[us-central1-logSharedWheelRead]: http function initialized (http://localhost:5001/heygiveaway-test/us-central1/logSharedWheelRead). {"metadata":{"emulator":{"name":"functions"},"message":"\u001b[1mhttp\u001b[22m function initialized (http://localhost:5001/heygiveaway-test/us-central1/logSharedWheelRead)."}}
[info] ✔  functions[us-central1-processSharedWheelReads]: http function initialized (http://localhost:5001/heygiveaway-test/us-central1/processSharedWheelReads). {"metadata":{"emulator":{"name":"functions"},"message":"\u001b[1mhttp\u001b[22m function initialized (http://localhost:5001/heygiveaway-test/us-central1/processSharedWheelReads)."}}
[info] ✔  functions[us-central1-getTwitterUserNames2]: http function initialized (http://localhost:5001/heygiveaway-test/us-central1/getTwitterUserNames2). {"metadata":{"emulator":{"name":"functions"},"message":"\u001b[1mhttp\u001b[22m function initialized (http://localhost:5001/heygiveaway-test/us-central1/getTwitterUserNames2)."}}
[info] ✔  functions[us-central1-convertAccount]: http function initialized (http://localhost:5001/heygiveaway-test/us-central1/convertAccount). {"metadata":{"emulator":{"name":"functions"},"message":"\u001b[1mhttp\u001b[22m function initialized (http://localhost:5001/heygiveaway-test/us-central1/convertAccount)."}}
[info] ✔  functions[us-central1-deleteInactiveAccounts]: http function initialized (http://localhost:5001/heygiveaway-test/us-central1/deleteInactiveAccounts). {"metadata":{"emulator":{"name":"functions"},"message":"\u001b[1mhttp\u001b[22m function initialized (http://localhost:5001/heygiveaway-test/us-central1/deleteInactiveAccounts)."}}
[info] ✔  functions[us-central1-deleteUnusedSharedWheels]: http function initialized (http://localhost:5001/heygiveaway-test/us-central1/deleteUnusedSharedWheels). {"metadata":{"emulator":{"name":"functions"},"message":"\u001b[1mhttp\u001b[22m function initialized (http://localhost:5001/heygiveaway-test/us-central1/deleteUnusedSharedWheels)."}}
[info] ✔  functions[us-central1-deleteUsedSharedWheels]: http function initialized (http://localhost:5001/heygiveaway-test/us-central1/deleteUsedSharedWheels). {"metadata":{"emulator":{"name":"functions"},"message":"\u001b[1mhttp\u001b[22m function initialized (http://localhost:5001/heygiveaway-test/us-central1/deleteUsedSharedWheels)."}}
[info] ✔  functions[us-central1-deleteOldWheelsFromReviewQueue]: http function initialized (http://localhost:5001/heygiveaway-test/us-central1/deleteOldWheelsFromReviewQueue). {"metadata":{"emulator":{"name":"functions"},"message":"\u001b[1mhttp\u001b[22m function initialized (http://localhost:5001/heygiveaway-test/us-central1/deleteOldWheelsFromReviewQueue)."}}
[info] ✔  functions[us-central1-getNumberOfWheelsInReviewQueue]: http function initialized (http://localhost:5001/heygiveaway-test/us-central1/getNumberOfWheelsInReviewQueue). {"metadata":{"emulator":{"name":"functions"},"message":"\u001b[1mhttp\u001b[22m function initialized (http://localhost:5001/heygiveaway-test/us-central1/getNumberOfWheelsInReviewQueue)."}}
[info] ✔  functions[us-central1-translate]: http function initialized (http://localhost:5001/heygiveaway-test/us-central1/translate). {"metadata":{"emulator":{"name":"functions"},"message":"\u001b[1mhttp\u001b[22m function initialized (http://localhost:5001/heygiveaway-test/us-central1/translate)."}}
[info] ✔  functions[us-central1-tagSuspiciousSharedWheels]: http function initialized (http://localhost:5001/heygiveaway-test/us-central1/tagSuspiciousSharedWheels). {"metadata":{"emulator":{"name":"functions"},"message":"\u001b[1mhttp\u001b[22m function initialized (http://localhost:5001/heygiveaway-test/us-central1/tagSuspiciousSharedWheels)."}}
[info] ✔  functions[us-central1-backupFirestore]: http function initialized (http://localhost:5001/heygiveaway-test/us-central1/backupFirestore). {"metadata":{"emulator":{"name":"functions"},"message":"\u001b[1mhttp\u001b[22m function initialized (http://localhost:5001/heygiveaway-test/us-central1/backupFirestore)."}}
[info] ✔  functions[us-central1-loadBigQuery]: http function initialized (http://localhost:5001/heygiveaway-test/us-central1/loadBigQuery). {"metadata":{"emulator":{"name":"functions"},"message":"\u001b[1mhttp\u001b[22m function initialized (http://localhost:5001/heygiveaway-test/us-central1/loadBigQuery)."}}
[debug] [2021-08-17T19:20:42.814Z] [worker-~diagnostic~-896c6cad-e5f3-4950-887b-d51dd977503b]: IDLE {"metadata":{"emulator":{"name":"functions"},"message":"[worker-~diagnostic~-896c6cad-e5f3-4950-887b-d51dd977503b]: IDLE"}}
